#
# There is insufficient memory for the Java Runtime Environment to continue.
# Native memory allocation (mmap) failed to map 671088640 bytes for Failed to commit area from 0x0000000700000000 to 0x0000000728000000 of length 671088640.
# Possible reasons:
#   The system is out of physical RAM or swap space
#   The process is running with CompressedOops enabled, and the Java Heap may be blocking the growth of the native heap
# Possible solutions:
#   Reduce memory load on the system
#   Increase physical memory or swap space
#   Check if swap backing store is full
#   Decrease Java heap size (-Xmx/-Xms)
#   Decrease number of Java threads
#   Decrease Java thread stack sizes (-Xss)
#   Set larger code cache with -XX:ReservedCodeCacheSize=
#   JVM is running with Zero Based Compressed Oops mode in which the Java heap is
#     placed in the first 32GB address space. The Java Heap base address is the
#     maximum limit for the native heap growth. Please use -XX:HeapBaseMinAddress
#     to set the Java Heap base and to place the Java Heap above 32GB virtual address.
# This output file may be truncated or incomplete.
#
#  Out of Memory Error (os_windows.cpp:3408), pid=8432, tid=0x0000000000005890
#
# JRE version: Java(TM) SE Runtime Environment (8.0_411) (build 1.8.0_411-b09)
# Java VM: Java HotSpot(TM) 64-Bit Server VM (25.411-b09 mixed mode windows-amd64 compressed oops)
# Failed to write core dump. Minidumps are not enabled by default on client versions of Windows
#

---------------  T H R E A D  ---------------

Current thread (0x0000018aff759000):  VMThread [stack: 0x000000186b200000,0x000000186b300000] [id=22672]

Stack: [0x000000186b200000,0x000000186b300000]
[error occurred during error reporting (printing stack bounds), id 0xc0000005]

Native frames: (J=compiled Java code, j=interpreted, Vv=VM code, C=native code)
V  [jvm.dll+0x3540d9]
V  [jvm.dll+0x291062]
V  [jvm.dll+0x291c2d]
V  [jvm.dll+0x2afbd6]
V  [jvm.dll+0x2b08c0]
V  [jvm.dll+0x353d38]
C  [ntdll.dll+0xa23af]
C  [ntdll.dll+0x514b4]
C  [ntdll.dll+0xa0ebe]
C  0x0000018ae18c0b4a

VM_Operation (0x000000186c2fcec0): G1IncCollectionPause, mode: safepoint, requested by thread 0x0000018a80baa000


---------------  P R O C E S S  ---------------

Java Threads: ( => current thread )
  0x0000018a8165c800 JavaThread "Worker-Bootstrap-7" daemon [_thread_blocked, id=2936, stack(0x000000186c800000,0x000000186c900000)]
  0x0000018a84731000 JavaThread "Worker-Bootstrap-6" daemon [_thread_blocked, id=11308, stack(0x000000186c700000,0x000000186c800000)]
  0x0000018a80b68000 JavaThread "Worker-Bootstrap-5" daemon [_thread_blocked, id=17696, stack(0x000000186c600000,0x000000186c700000)]
  0x0000018a80b67000 JavaThread "Worker-Bootstrap-4" daemon [_thread_blocked, id=19996, stack(0x000000186c500000,0x000000186c600000)]
  0x0000018a82aab000 JavaThread "Worker-Bootstrap-3" daemon [_thread_blocked, id=17720, stack(0x000000186c400000,0x000000186c500000)]
  0x0000018a82aaa800 JavaThread "Worker-Bootstrap-2" daemon [_thread_blocked, id=22272, stack(0x000000186c300000,0x000000186c400000)]
  0x0000018a80baa000 JavaThread "Worker-Bootstrap-1" daemon [_thread_blocked, id=22616, stack(0x000000186c200000,0x000000186c300000)]
  0x0000018a816dd800 JavaThread "pool-2-thread-1" daemon [_thread_blocked, id=19132, stack(0x000000186c100000,0x000000186c200000)]
  0x0000018a80bdf000 JavaThread "Thread-2" daemon [_thread_in_native, id=3684, stack(0x000000186c000000,0x000000186c100000)]
  0x0000018a80bde800 JavaThread "Thread-1" daemon [_thread_blocked, id=10696, stack(0x000000186bf00000,0x000000186c000000)]
  0x0000018a80a83000 JavaThread "ForkJoinPool.commonPool-worker-9" daemon [_thread_blocked, id=14932, stack(0x000000186be00000,0x000000186bf00000)]
  0x0000018aff817800 JavaThread "Service Thread" daemon [_thread_blocked, id=4764, stack(0x000000186bc00000,0x000000186bd00000)]
  0x0000018aff799800 JavaThread "C1 CompilerThread3" daemon [_thread_blocked, id=7620, stack(0x000000186bb00000,0x000000186bc00000)]
  0x0000018aff797800 JavaThread "C2 CompilerThread2" daemon [_thread_blocked, id=8420, stack(0x000000186ba00000,0x000000186bb00000)]
  0x0000018aff797000 JavaThread "C2 CompilerThread1" daemon [_thread_blocked, id=23444, stack(0x000000186b900000,0x000000186ba00000)]
  0x0000018aff795000 JavaThread "C2 CompilerThread0" daemon [_thread_blocked, id=580, stack(0x000000186b800000,0x000000186b900000)]
  0x0000018aff792000 JavaThread "Attach Listener" daemon [_thread_blocked, id=19168, stack(0x000000186b700000,0x000000186b800000)]
  0x0000018aff78f800 JavaThread "Signal Dispatcher" daemon [_thread_blocked, id=23472, stack(0x000000186b600000,0x000000186b700000)]
  0x0000018aff78e800 JavaThread "Surrogate Locker Thread (Concurrent GC)" daemon [_thread_blocked, id=19528, stack(0x000000186b500000,0x000000186b600000)]
  0x0000018aff76c800 JavaThread "Finalizer" daemon [_thread_blocked, id=4944, stack(0x000000186b400000,0x000000186b500000)]
  0x0000018aff760000 JavaThread "Reference Handler" daemon [_thread_blocked, id=3672, stack(0x000000186b300000,0x000000186b400000)]
  0x0000018adff55800 JavaThread "main" [_thread_blocked, id=11636, stack(0x0000001869800000,0x0000001869900000)]

Other Threads:
=>0x0000018aff759000 VMThread [stack: 0x000000186b200000,0x000000186b300000] [id=22672]
  0x0000018aff862800 WatcherThread [stack: 0x000000186bd00000,0x000000186be00000] [id=23932]

VM state:at safepoint (normal execution)

VM Mutex/Monitor currently owned by a thread:  ([mutex/lock_event])
[0x0000018adff54470] Threads_lock - owner thread: 0x0000018aff759000
[0x0000018adff54570] Heap_lock - owner thread: 0x0000018a80baa000

heap address: 0x00000006c0000000, size: 4096 MB, Compressed Oops mode: Zero based, Oop shift amount: 3
Narrow klass base: 0x0000000000000000, Narrow klass shift: 3
Compressed class space size: 1073741824 Address: 0x00000007c0000000

Heap:
 garbage-first heap   total 1703936K, used 227499K [0x00000006c0000000, 0x00000006c20001a0, 0x00000007c0000000)
  region size 32768K, 1 young (32768K), 1 survivors (32768K)
 Metaspace       used 52042K, capacity 57381K, committed 57468K, reserved 1097728K
  class space    used 7691K, capacity 9055K, committed 9084K, reserved 1048576K

Heap Regions: (E=young(eden), S=young(survivor), O=old, HS=humongous(starts), HC=humongous(continues), CS=collection set, F=free, TS=gc time stamp, PTAMS=previous top-at-mark-start, NTAMS=next top-at-mark-start)
AC   0  O    TS     5 PTAMS 0x00000006c1459c00 NTAMS 0x00000006c1459c00 space 32768K, 100% used [0x00000006c0000000, 0x00000006c2000000)
AC   0  O    TS     9 PTAMS 0x00000006c2000000 NTAMS 0x00000006c2000000 space 32768K, 100% used [0x00000006c2000000, 0x00000006c4000000)
AC   0  O    TS    11 PTAMS 0x00000006c4000000 NTAMS 0x00000006c4000000 space 32768K, 100% used [0x00000006c4000000, 0x00000006c6000000)
AC   0  O    TS    13 PTAMS 0x00000006c6000000 NTAMS 0x00000006c6000000 space 32768K, 100% used [0x00000006c6000000, 0x00000006c8000000)
AC   0  O    TS    15 PTAMS 0x00000006c8000000 NTAMS 0x00000006c8000000 space 32768K, 100% used [0x00000006c8000000, 0x00000006ca000000)
AC   0  O    TS    19 PTAMS 0x00000006ca000000 NTAMS 0x00000006ca000000 space 32768K, 100% used [0x00000006ca000000, 0x00000006cc000000)
AC   0  O    TS    27 PTAMS 0x00000006cc000000 NTAMS 0x00000006cc000000 space 32768K,  57% used [0x00000006cc000000, 0x00000006ce000000)
AC   0  F    TS     0 PTAMS 0x00000006ce000000 NTAMS 0x00000006ce000000 space 32768K,   0% used [0x00000006ce000000, 0x00000006d0000000)
AC   0  F    TS     0 PTAMS 0x00000006d0000000 NTAMS 0x00000006d0000000 space 32768K,   0% used [0x00000006d0000000, 0x00000006d2000000)
AC   0  F    TS     0 PTAMS 0x00000006d2000000 NTAMS 0x00000006d2000000 space 32768K,   0% used [0x00000006d2000000, 0x00000006d4000000)
AC   0  F    TS     0 PTAMS 0x00000006d4000000 NTAMS 0x00000006d4000000 space 32768K,   0% used [0x00000006d4000000, 0x00000006d6000000)
AC   0  F    TS     0 PTAMS 0x00000006d6000000 NTAMS 0x00000006d6000000 space 32768K,   0% used [0x00000006d6000000, 0x00000006d8000000)
AC   0  F    TS     0 PTAMS 0x00000006d8000000 NTAMS 0x00000006d8000000 space 32768K,   0% used [0x00000006d8000000, 0x00000006da000000)
AC   0  F    TS     0 PTAMS 0x00000006da000000 NTAMS 0x00000006da000000 space 32768K,   0% used [0x00000006da000000, 0x00000006dc000000)
AC   0  F    TS     0 PTAMS 0x00000006dc000000 NTAMS 0x00000006dc000000 space 32768K,   0% used [0x00000006dc000000, 0x00000006de000000)
AC   0  S CS TS    27 PTAMS 0x00000006de000000 NTAMS 0x00000006de000000 space 32768K,  37% used [0x00000006de000000, 0x00000006e0000000)
AC   0  F    TS     0 PTAMS 0x00000006e0000000 NTAMS 0x00000006e0000000 space 32768K,   0% used [0x00000006e0000000, 0x00000006e2000000)
AC   0  F    TS     0 PTAMS 0x00000006e2000000 NTAMS 0x00000006e2000000 space 32768K,   0% used [0x00000006e2000000, 0x00000006e4000000)
AC   0  F    TS     0 PTAMS 0x00000006e4000000 NTAMS 0x00000006e4000000 space 32768K,   0% used [0x00000006e4000000, 0x00000006e6000000)
AC   0  F    TS     0 PTAMS 0x00000006e6000000 NTAMS 0x00000006e6000000 space 32768K,   0% used [0x00000006e6000000, 0x00000006e8000000)
AC   0  F    TS     0 PTAMS 0x00000006e8000000 NTAMS 0x00000006e8000000 space 32768K,   0% used [0x00000006e8000000, 0x00000006ea000000)
AC   0  F    TS    23 PTAMS 0x00000006ea000000 NTAMS 0x00000006ea000000 space 32768K,   0% used [0x00000006ea000000, 0x00000006ec000000)
AC   0  F    TS     0 PTAMS 0x00000006ec000000 NTAMS 0x00000006ec000000 space 32768K,   0% used [0x00000006ec000000, 0x00000006ee000000)
AC   0  F    TS     0 PTAMS 0x00000006ee000000 NTAMS 0x00000006ee000000 space 32768K,   0% used [0x00000006ee000000, 0x00000006f0000000)
AC   0  F    TS     0 PTAMS 0x00000006f0000000 NTAMS 0x00000006f0000000 space 32768K,   0% used [0x00000006f0000000, 0x00000006f2000000)
AC   0  F    TS    21 PTAMS 0x00000006f2000000 NTAMS 0x00000006f2000000 space 32768K,   0% used [0x00000006f2000000, 0x00000006f4000000)
AC   0  F    TS    25 PTAMS 0x00000006f4000000 NTAMS 0x00000006f4000000 space 32768K,   0% used [0x00000006f4000000, 0x00000006f6000000)
AC   0  F    TS     0 PTAMS 0x00000006f6000000 NTAMS 0x00000006f6000000 space 32768K,   0% used [0x00000006f6000000, 0x00000006f8000000)
AC   0  F    TS     0 PTAMS 0x00000006f8000000 NTAMS 0x00000006f8000000 space 32768K,   0% used [0x00000006f8000000, 0x00000006fa000000)
AC   0  F    TS     0 PTAMS 0x00000006fa000000 NTAMS 0x00000006fa000000 space 32768K,   0% used [0x00000006fa000000, 0x00000006fc000000)
AC   0  F    TS     0 PTAMS 0x00000006fc000000 NTAMS 0x00000006fc000000 space 32768K,   0% used [0x00000006fc000000, 0x00000006fe000000)
AC   0  F    TS     0 PTAMS 0x00000006fe000000 NTAMS 0x00000006fe000000 space 32768K,   0% used [0x00000006fe000000, 0x0000000700000000)

Card table byte_map: [0x0000018af2720000,0x0000018af2f20000] byte_map_base: 0x0000018aef120000

Marking Bits (Prev, Next): (CMBitMap*) 0x0000018adffd3d18, (CMBitMap*) 0x0000018adffd3d70
 Prev Bits: [0x0000018af3720000, 0x0000018af7720000)
 Next Bits: [0x0000018af7720000, 0x0000018afb720000)

Polling page: 0x0000018ae1890000

CodeCache: size=245760Kb used=22176Kb max_used=22188Kb free=223583Kb
 bounds [0x0000018ae18c0000, 0x0000018ae2e90000, 0x0000018af08c0000]
 total_blobs=7860 nmethods=7147 adapters=624
 compilation: enabled

Compilation events (10 events):
Event: 11.230 Thread 0x0000018aff799800 nmethod 8747 0x0000018ae2b11ad0 code [0x0000018ae2b11d80, 0x0000018ae2b133c0]
Event: 11.239 Thread 0x0000018aff799800 8749       3       org.objectweb.asm.ClassReader::readMethod (1061 bytes)
Event: 11.250 Thread 0x0000018aff797800 nmethod 8680 0x0000018ae2e6fc90 code [0x0000018ae2e70240, 0x0000018ae2e74fd0]
Event: 11.254 Thread 0x0000018aff797800 8741       4       com.mojang.datafixers.util.Either::left (9 bytes)
Event: 11.254 Thread 0x0000018aff799800 nmethod 8749 0x0000018ae2e7d490 code [0x0000018ae2e7dbc0, 0x0000018ae2e847c0]
Event: 11.254 Thread 0x0000018aff799800 8751       3       com.google.common.collect.ImmutableCollection::spliterator (8 bytes)
Event: 11.255 Thread 0x0000018aff799800 nmethod 8751 0x0000018ae2b20590 code [0x0000018ae2b20720, 0x0000018ae2b20ac0]
Event: 11.255 Thread 0x0000018aff799800 8750       3       com.mojang.datafixers.functions.PointFreeRule$$Lambda$1929/1086780363::apply (12 bytes)
Event: 11.255 Thread 0x0000018aff799800 nmethod 8750 0x0000018ae2b1fb50 code [0x0000018ae2b1fce0, 0x0000018ae2b20378]
Event: 11.255 Thread 0x0000018aff797800 nmethod 8741 0x0000018ae228e790 code [0x0000018ae228e8e0, 0x0000018ae228eaa8]

GC Heap History (10 events):
Event: 9.856 GC heap after
Heap after GC invocations=15 (full 0):
 garbage-first heap   total 1048576K, used 218258K [0x00000006c0000000, 0x00000006c2000100, 0x00000007c0000000)
  region size 32768K, 1 young (32768K), 1 survivors (32768K)
 Metaspace       used 51135K, capacity 56209K, committed 56444K, reserved 1097728K
  class space    used 7483K, capacity 8743K, committed 8828K, reserved 1048576K
}
Event: 9.936 GC heap before
{Heap before GC invocations=15 (full 0):
 garbage-first heap   total 1048576K, used 382098K [0x00000006c0000000, 0x00000006c2000100, 0x00000007c0000000)
  region size 32768K, 6 young (196608K), 1 survivors (32768K)
 Metaspace       used 51247K, capacity 56361K, committed 56444K, reserved 1097728K
  class space    used 7514K, capacity 8783K, committed 8828K, reserved 1048576K
Event: 9.957 GC heap after
Heap after GC invocations=16 (full 0):
 garbage-first heap   total 1048576K, used 231401K [0x00000006c0000000, 0x00000006c2000100, 0x00000007c0000000)
  region size 32768K, 1 young (32768K), 1 survivors (32768K)
 Metaspace       used 51247K, capacity 56361K, committed 56444K, reserved 1097728K
  class space    used 7514K, capacity 8783K, committed 8828K, reserved 1048576K
}
Event: 10.037 GC heap before
{Heap before GC invocations=16 (full 0):
 garbage-first heap   total 1048576K, used 395241K [0x00000006c0000000, 0x00000006c2000100, 0x00000007c0000000)
  region size 32768K, 6 young (196608K), 1 survivors (32768K)
 Metaspace       used 51344K, capacity 56511K, committed 56700K, reserved 1097728K
  class space    used 7541K, capacity 8824K, committed 8828K, reserved 1048576K
Event: 10.059 GC heap after
Heap after GC invocations=17 (full 0):
 garbage-first heap   total 1048576K, used 227465K [0x00000006c0000000, 0x00000006c2000100, 0x00000007c0000000)
  region size 32768K, 1 young (32768K), 1 survivors (32768K)
 Metaspace       used 51344K, capacity 56511K, committed 56700K, reserved 1097728K
  class space    used 7541K, capacity 8824K, committed 8828K, reserved 1048576K
}
Event: 10.265 GC heap before
{Heap before GC invocations=17 (full 0):
 garbage-first heap   total 1048576K, used 522377K [0x00000006c0000000, 0x00000006c2000100, 0x00000007c0000000)
  region size 32768K, 10 young (327680K), 1 survivors (32768K)
 Metaspace       used 51529K, capacity 56707K, committed 56828K, reserved 1097728K
  class space    used 7584K, capacity 8894K, committed 8956K, reserved 1048576K
Event: 10.316 GC heap after
Heap after GC invocations=18 (full 0):
 garbage-first heap   total 1048576K, used 225264K [0x00000006c0000000, 0x00000006c2000100, 0x00000007c0000000)
  region size 32768K, 1 young (32768K), 1 survivors (32768K)
 Metaspace       used 51529K, capacity 56707K, committed 56828K, reserved 1097728K
  class space    used 7584K, capacity 8894K, committed 8956K, reserved 1048576K
}
Event: 10.382 GC heap before
{Heap before GC invocations=18 (full 0):
 garbage-first heap   total 1048576K, used 389104K [0x00000006c0000000, 0x00000006c2000100, 0x00000007c0000000)
  region size 32768K, 6 young (196608K), 1 survivors (32768K)
 Metaspace       used 51590K, capacity 56755K, committed 56828K, reserved 1097728K
  class space    used 7602K, capacity 8916K, committed 8956K, reserved 1048576K
Event: 10.391 GC heap after
Heap after GC invocations=19 (full 0):
 garbage-first heap   total 1048576K, used 227539K [0x00000006c0000000, 0x00000006c2000100, 0x00000007c0000000)
  region size 32768K, 1 young (32768K), 1 survivors (32768K)
 Metaspace       used 51590K, capacity 56755K, committed 56828K, reserved 1097728K
  class space    used 7602K, capacity 8916K, committed 8956K, reserved 1048576K
}
Event: 11.257 GC heap before
{Heap before GC invocations=19 (full 0):
 garbage-first heap   total 1048576K, used 719059K [0x00000006c0000000, 0x00000006c2000100, 0x00000007c0000000)
  region size 32768K, 16 young (524288K), 1 survivors (32768K)
 Metaspace       used 52042K, capacity 57381K, committed 57468K, reserved 1097728K
  class space    used 7691K, capacity 9055K, committed 9084K, reserved 1048576K

Deoptimization events (10 events):
Event: 10.110 Thread 0x0000018a82aab000 Uncommon trap: reason=class_check action=maybe_recompile pc=0x0000018ae1a11784 method=com.mojang.datafixers.types.templates.Product.equals(Ljava/lang/Object;)Z @ 8
Event: 10.111 Thread 0x0000018a82aab000 Uncommon trap: reason=class_check action=maybe_recompile pc=0x0000018ae1a11784 method=com.mojang.datafixers.types.templates.Product.equals(Ljava/lang/Object;)Z @ 8
Event: 10.111 Thread 0x0000018a82aab000 Uncommon trap: reason=class_check action=maybe_recompile pc=0x0000018ae1a11784 method=com.mojang.datafixers.types.templates.Product.equals(Ljava/lang/Object;)Z @ 8
Event: 10.111 Thread 0x0000018a82aab000 Uncommon trap: reason=class_check action=maybe_recompile pc=0x0000018ae1a11784 method=com.mojang.datafixers.types.templates.Product.equals(Ljava/lang/Object;)Z @ 8
Event: 10.349 Thread 0x0000018adff55800 Uncommon trap: reason=bimorphic action=maybe_recompile pc=0x0000018ae2301c9c method=java.util.stream.Collectors.lambda$toMap$58(Ljava/util/function/Function;Ljava/util/function/Function;Ljava/util/function/BinaryOperator;Ljava/util/Map;Ljava/lang/Object;)
Event: 10.349 Thread 0x0000018adff55800 Uncommon trap: reason=bimorphic action=maybe_recompile pc=0x0000018ae2301c9c method=java.util.stream.Collectors.lambda$toMap$58(Ljava/util/function/Function;Ljava/util/function/Function;Ljava/util/function/BinaryOperator;Ljava/util/Map;Ljava/lang/Object;)
Event: 10.481 Thread 0x0000018adff55800 Uncommon trap: reason=bimorphic action=maybe_recompile pc=0x0000018ae1a673f8 method=com.google.common.collect.ImmutableList.copyOf(Ljava/util/Collection;)Lcom/google/common/collect/ImmutableList; @ 11
Event: 10.481 Thread 0x0000018adff55800 Uncommon trap: reason=bimorphic action=maybe_recompile pc=0x0000018ae1a673f8 method=com.google.common.collect.ImmutableList.copyOf(Ljava/util/Collection;)Lcom/google/common/collect/ImmutableList; @ 11
Event: 10.481 Thread 0x0000018adff55800 Uncommon trap: reason=bimorphic action=maybe_recompile pc=0x0000018ae1a673f8 method=com.google.common.collect.ImmutableList.copyOf(Ljava/util/Collection;)Lcom/google/common/collect/ImmutableList; @ 11
Event: 10.483 Thread 0x0000018adff55800 Uncommon trap: reason=bimorphic action=maybe_recompile pc=0x0000018ae1a673f8 method=com.google.common.collect.ImmutableList.copyOf(Ljava/util/Collection;)Lcom/google/common/collect/ImmutableList; @ 11

Classes redefined (0 events):
No events

Internal exceptions (10 events):
Event: 9.386 Thread 0x0000018a80b67000 Implicit null exception at 0x0000018ae2cdd94c to 0x0000018ae2cdd9d6
Event: 9.386 Thread 0x0000018a8165c800 Implicit null exception at 0x0000018ae2cdd94c to 0x0000018ae2cdd9d6
Event: 9.427 Thread 0x0000018a82aaa800 Implicit null exception at 0x0000018ae1b198d7 to 0x0000018ae1b19a45
Event: 9.923 Thread 0x0000018adff55800 Exception <a 'java/lang/NoSuchMethodError': java.lang.Object.func_232949_a_(Ljava/util/function/Supplier;Lnet/minecraft/util/ResourceLocation;)Lcom/mojang/serialization/DataResult;> (0x00000006f948a660) thrown at [C:\jenkins\workspace\8-2-build-windows-x6
Event: 9.924 Thread 0x0000018adff55800 Exception <a 'java/lang/NoSuchMethodError': java.lang.Object.func_232948_a_(Ljava/util/function/Supplier;Lnet/minecraft/tags/ITag;)Lcom/mojang/serialization/DataResult;> (0x00000006f948e9f0) thrown at [C:\jenkins\workspace\8-2-build-windows-x64-cygwin-san
Event: 10.100 Thread 0x0000018a82aab000 Exception <a 'java/lang/NoSuchMethodError': java.lang.Object.lambda$rewrite$0(Lcom/mojang/datafixers/View;Lcom/mojang/datafixers/functions/PointFree;)Lcom/mojang/datafixers/View;> (0x00000006fba3d9e0) thrown at [C:\jenkins\workspace\8-2-build-windows-x64-
Event: 10.458 Thread 0x0000018adff55800 Exception <a 'java/lang/NoSuchMethodError': java.lang.Object.lambda$optionalFieldOf$2(Ljava/lang/Object;Ljava/util/Optional;)Ljava/lang/Object;> (0x00000006f6bc4f58) thrown at [C:\jenkins\workspace\8-2-build-windows-x64-cygwin-sans-NAS\jdk8u411\893\hotspo
Event: 10.459 Thread 0x0000018adff55800 Exception <a 'java/lang/NoSuchMethodError': java.lang.Object.lambda$optionalFieldOf$3(Ljava/lang/Object;Ljava/lang/Object;)Ljava/util/Optional;> (0x00000006f6bc84d8) thrown at [C:\jenkins\workspace\8-2-build-windows-x64-cygwin-sans-NAS\jdk8u411\893\hotspo
Event: 10.529 Thread 0x0000018adff55800 Exception <a 'java/lang/NoSuchMethodError': java.lang.Object.func_242924_a(Lcom/mojang/serialization/Codec;)Lcom/mojang/serialization/Codec;> (0x00000006ecb373d0) thrown at [C:\jenkins\workspace\8-2-build-windows-x64-cygwin-sans-NAS\jdk8u411\893\hotspot\s
Event: 11.133 Thread 0x0000018adff55800 Exception <a 'java/lang/NoSuchMethodError': java.lang.Object.func_242923_a(Lcom/mojang/datafixers/util/Either;)Lnet/minecraft/world/gen/feature/template/StructureProcessorList;> (0x00000006e43707d8) thrown at [C:\jenkins\workspace\8-2-build-windows-x64-cy

Events (10 events):
Event: 11.208 loading class net/minecraft/world/gen/feature/jigsaw/FeatureJigsawPiece done
Event: 11.208 loading class net/minecraft/world/gen/feature/jigsaw/FeatureJigsawPiece
Event: 11.208 loading class net/minecraft/world/gen/feature/jigsaw/FeatureJigsawPiece done
Event: 11.209 loading class net/minecraft/world/gen/feature/ConfiguredFeature
Event: 11.209 loading class net/minecraft/world/gen/feature/ConfiguredFeature done
Event: 11.209 loading class net/minecraft/world/gen/feature/ConfiguredFeature
Event: 11.209 loading class net/minecraft/world/gen/feature/ConfiguredFeature done
Event: 11.209 loading class net/minecraft/world/gen/feature/ConfiguredFeature
Event: 11.209 loading class net/minecraft/world/gen/feature/ConfiguredFeature done
Event: 11.255 Executing VM operation: G1IncCollectionPause


Dynamic libraries:
0x00007ff7cfcb0000 - 0x00007ff7cfcfa000 	C:\Program Files\Java\jre-1.8\bin\java.exe
0x00007ffb4fe30000 - 0x00007ffb50028000 	C:\Windows\SYSTEM32\ntdll.dll
0x00007ffb4fd30000 - 0x00007ffb4fded000 	C:\Windows\System32\KERNEL32.DLL
0x00007ffb4d5a0000 - 0x00007ffb4d896000 	C:\Windows\System32\KERNELBASE.dll
0x00007ffb4ef00000 - 0x00007ffb4efb0000 	C:\Windows\System32\ADVAPI32.dll
0x00007ffb4e4f0000 - 0x00007ffb4e58e000 	C:\Windows\System32\msvcrt.dll
0x00007ffb4f010000 - 0x00007ffb4f0b0000 	C:\Windows\System32\sechost.dll
0x00007ffb4e310000 - 0x00007ffb4e433000 	C:\Windows\System32\RPCRT4.dll
0x00007ffb4dde0000 - 0x00007ffb4de07000 	C:\Windows\System32\bcrypt.dll
0x00007ffb4ed00000 - 0x00007ffb4ee9f000 	C:\Windows\System32\USER32.dll
0x00007ffb4d570000 - 0x00007ffb4d592000 	C:\Windows\System32\win32u.dll
0x00007ffb4e440000 - 0x00007ffb4e46b000 	C:\Windows\System32\GDI32.dll
0x00007ffb4d8a0000 - 0x00007ffb4d9b7000 	C:\Windows\System32\gdi32full.dll
0x00007ffb4dc90000 - 0x00007ffb4dd2d000 	C:\Windows\System32\msvcp_win.dll
0x00007ffb4d9c0000 - 0x00007ffb4dac0000 	C:\Windows\System32\ucrtbase.dll
0x00007ffb3f1b0000 - 0x00007ffb3f44a000 	C:\Windows\WinSxS\amd64_microsoft.windows.common-controls_6595b64144ccf1df_6.0.19041.3636_none_60b6a03d71f818d5\COMCTL32.dll
0x00007ffb4e000000 - 0x00007ffb4e032000 	C:\Windows\System32\IMM32.DLL
0x00007ffb351b0000 - 0x00007ffb351cb000 	C:\Program Files\Java\jre-1.8\bin\vcruntime140.dll
0x00007ffb35140000 - 0x00007ffb3514c000 	C:\Program Files\Java\jre-1.8\bin\vcruntime140_1.dll
0x00007ffb0ee50000 - 0x00007ffb0eede000 	C:\Program Files\Java\jre-1.8\bin\msvcp140.dll
0x00007ffab8190000 - 0x00007ffab8a41000 	C:\Program Files\Java\jre-1.8\bin\server\jvm.dll
0x00007ffb4fd20000 - 0x00007ffb4fd28000 	C:\Windows\System32\PSAPI.DLL
0x00007ffb37500000 - 0x00007ffb37509000 	C:\Windows\SYSTEM32\WSOCK32.dll
0x00007ffb47f40000 - 0x00007ffb47f4a000 	C:\Windows\SYSTEM32\VERSION.dll
0x00007ffb44b80000 - 0x00007ffb44ba7000 	C:\Windows\SYSTEM32\WINMM.dll
0x00007ffb4f2a0000 - 0x00007ffb4f30b000 	C:\Windows\System32\WS2_32.dll
0x00007ffb4b350000 - 0x00007ffb4b362000 	C:\Windows\SYSTEM32\kernel.appcore.dll
0x00007ffb32510000 - 0x00007ffb32520000 	C:\Program Files\Java\jre-1.8\bin\verify.dll
0x00007ffb25df0000 - 0x00007ffb25e1b000 	C:\Program Files\Java\jre-1.8\bin\java.dll
0x00007ffb25c70000 - 0x00007ffb25c88000 	C:\Program Files\Java\jre-1.8\bin\zip.dll
0x00007ffb4e590000 - 0x00007ffb4ecfb000 	C:\Windows\System32\SHELL32.dll
0x00007ffb4b550000 - 0x00007ffb4bcee000 	C:\Windows\SYSTEM32\windows.storage.dll
0x00007ffb4f9c0000 - 0x00007ffb4fd13000 	C:\Windows\System32\combase.dll
0x00007ffb4cf10000 - 0x00007ffb4cf3e000 	C:\Windows\SYSTEM32\Wldp.dll
0x00007ffb4df30000 - 0x00007ffb4dffd000 	C:\Windows\System32\OLEAUT32.dll
0x00007ffb4f7a0000 - 0x00007ffb4f84d000 	C:\Windows\System32\SHCORE.dll
0x00007ffb4eea0000 - 0x00007ffb4eef5000 	C:\Windows\System32\shlwapi.dll
0x00007ffb4d410000 - 0x00007ffb4d433000 	C:\Windows\SYSTEM32\profapi.dll
0x00007ffb40800000 - 0x00007ffb4080d000 	C:\Program Files\Java\jre-1.8\bin\management.dll
0x00007ffb23520000 - 0x00007ffb2353c000 	C:\Program Files\Java\jre-1.8\bin\net.dll
0x00007ffb4cc20000 - 0x00007ffb4cc8a000 	C:\Windows\system32\mswsock.dll
0x00007ffb372e0000 - 0x00007ffb372f7000 	C:\Windows\system32\napinsp.dll
0x00007ffb36c50000 - 0x00007ffb36c6b000 	C:\Windows\system32\pnrpnsp.dll
0x00007ffb36c30000 - 0x00007ffb36c45000 	C:\Windows\system32\wshbth.dll
0x00007ffb4a470000 - 0x00007ffb4a48d000 	C:\Windows\system32\NLAapi.dll
0x00007ffb4c8d0000 - 0x00007ffb4c90b000 	C:\Windows\SYSTEM32\IPHLPAPI.DLL
0x00007ffb4c920000 - 0x00007ffb4c9eb000 	C:\Windows\SYSTEM32\DNSAPI.dll
0x00007ffb4f0b0000 - 0x00007ffb4f0b8000 	C:\Windows\System32\NSI.dll
0x00007ffb36ad0000 - 0x00007ffb36ae2000 	C:\Windows\System32\winrnr.dll
0x00007ffb41370000 - 0x00007ffb4137a000 	C:\Windows\System32\rasadhlp.dll
0x00007ffb413c0000 - 0x00007ffb41440000 	C:\Windows\System32\fwpuclnt.dll
0x00007ffb23500000 - 0x00007ffb23513000 	C:\Program Files\Java\jre-1.8\bin\nio.dll
0x00007ffb25ea0000 - 0x00007ffb25ec5000 	C:\Program Files\Java\jre-1.8\bin\sunec.dll
0x00007ffb47f20000 - 0x00007ffb47f37000 	C:\Windows\SYSTEM32\dhcpcsvc6.DLL
0x00007ffb48080000 - 0x00007ffb4809d000 	C:\Windows\SYSTEM32\dhcpcsvc.DLL
0x00007ffb4cdf0000 - 0x00007ffb4ce08000 	C:\Windows\SYSTEM32\CRYPTSP.dll
0x00007ffb4c4e0000 - 0x00007ffb4c514000 	C:\Windows\system32\rsaenh.dll
0x00007ffb4d3d0000 - 0x00007ffb4d3fe000 	C:\Windows\SYSTEM32\USERENV.dll
0x00007ffb4d4e0000 - 0x00007ffb4d562000 	C:\Windows\System32\bcryptprimitives.dll
0x00007ffb4cde0000 - 0x00007ffb4cdec000 	C:\Windows\SYSTEM32\CRYPTBASE.dll
0x00007ffb450d0000 - 0x00007ffb452b4000 	C:\Windows\SYSTEM32\dbghelp.dll

VM Arguments:
jvm_args: -Xms1024M -Xmx4096M -XX:+UseG1GC -Dsun.rmi.dgc.server.gcInterval=2147483646 -XX:+UnlockExperimentalVMOptions -XX:G1NewSizePercent=20 -XX:G1ReservePercent=20 -XX:MaxGCPauseMillis=50 -XX:G1HeapRegionSize=32M -Dfml.readTimeout=180 
java_command: forge-1.16.5-36.2.35.jar nogui
java_class_path (initial): forge-1.16.5-36.2.35.jar
Launcher Type: SUN_STANDARD

Environment Variables:
PATH=C:\Program Files (x86)\Common Files\Oracle\Java\java8path;C:\Program Files (x86)\Common Files\Oracle\Java\javapath;c:\program files (x86)\intel\icls client\;c:\program files\intel\icls client\;c:\windows\system32;c:\windows;c:\windows\system32\wbem;c:\windows\system32\windowspowershell\v1.0\;c:\windows\system32\openssh\;c:\program files\nvidia corporation\nvidia nvdlisr;c:\program files (x86)\intel\intel(r) management engine components\dal;c:\program files\intel\intel(r) management engine components\dal;c:\program files (x86)\intel\intel(r) management engine components\ipt;c:\program files\intel\intel(r) management engine components\ipt;c:\program files\docker\docker\resources\bin;c:\program files\git\cmd;c:\users\gabri\appdata\roaming\nvm;c:\program files\nodejs;C:\Program Files (x86)\NVIDIA Corporation\PhysX\Common;C:\Users\gabri\AppData\Local\Microsoft\WindowsApps;C:\Users\gabri\AppData\Local\Programs\Microsoft VS Code\bin;C:\Users\gabri\AppData\Roaming\nvm;C:\Program Files\nodejs
USERNAME=gabri
OS=Windows_NT
PROCESSOR_IDENTIFIER=AMD64 Family 23 Model 96 Stepping 1, AuthenticAMD



---------------  S Y S T E M  ---------------

OS: Windows 10 , 64 bit Build 19041 (10.0.19041.3636)

CPU:total 12 (initial active 12) (12 cores per cpu, 1 threads per core) family 23 model 96 stepping 1, cmov, cx8, fxsr, mmx, sse, sse2, sse3, ssse3, sse4.1, sse4.2, popcnt, avx, avx2, aes, clmul, mmxext, 3dnowpref, lzcnt, sse4a, tsc, tscinvbit, tscinv, bmi1

Memory: 4k page, physical 7753256k(293908k free), swap 31870504k(270488k free)

vm_info: Java HotSpot(TM) 64-Bit Server VM (25.411-b09) for windows-amd64 JRE (1.8.0_411-b09), built on Mar 13 2024 07:26:13 by "java_re" with MS VC++ 17.1 (VS2022)

time: Sat May 11 21:38:43 2024
timezone: Hora oficial do Brasil
elapsed time: 11.311723 seconds (0d 0h 0m 11s)

